<?xml version="1.0" encoding="UTF-8"?>
<testsuite name="com.example.SSM.SsmApplicationTests" tests="1" skipped="0" failures="0" errors="0" timestamp="2023-09-11T00:28:09" hostname="PC2019-0316" time="0.253">
  <properties/>
  <testcase name="contextLoads()" classname="com.example.SSM.SsmApplicationTests" time="0.253"/>
  <system-out><![CDATA[09:27:57.866 [Test worker] DEBUG org.springframework.test.context.BootstrapUtils - Instantiating CacheAwareContextLoaderDelegate from class [org.springframework.test.context.cache.DefaultCacheAwareContextLoaderDelegate]
09:27:57.886 [Test worker] DEBUG org.springframework.test.context.BootstrapUtils - Instantiating BootstrapContext using constructor [public org.springframework.test.context.support.DefaultBootstrapContext(java.lang.Class,org.springframework.test.context.CacheAwareContextLoaderDelegate)]
09:27:57.964 [Test worker] DEBUG org.springframework.test.context.BootstrapUtils - Instantiating TestContextBootstrapper for test class [com.example.SSM.SsmApplicationTests] from class [org.springframework.boot.test.context.SpringBootTestContextBootstrapper]
09:27:57.992 [Test worker] INFO org.springframework.boot.test.context.SpringBootTestContextBootstrapper - Neither @ContextConfiguration nor @ContextHierarchy found for test class [com.example.SSM.SsmApplicationTests], using SpringBootContextLoader
09:27:57.999 [Test worker] DEBUG org.springframework.test.context.support.AbstractContextLoader - Did not detect default resource location for test class [com.example.SSM.SsmApplicationTests]: class path resource [com/example/SSM/SsmApplicationTests-context.xml] does not exist
09:27:58.001 [Test worker] DEBUG org.springframework.test.context.support.AbstractContextLoader - Did not detect default resource location for test class [com.example.SSM.SsmApplicationTests]: class path resource [com/example/SSM/SsmApplicationTestsContext.groovy] does not exist
09:27:58.001 [Test worker] INFO org.springframework.test.context.support.AbstractContextLoader - Could not detect default resource locations for test class [com.example.SSM.SsmApplicationTests]: no resource found for suffixes {-context.xml, Context.groovy}.
09:27:58.076 [Test worker] DEBUG org.springframework.test.context.support.ActiveProfilesUtils - Could not find an 'annotation declaring class' for annotation type [org.springframework.test.context.ActiveProfiles] and class [com.example.SSM.SsmApplicationTests]
09:27:58.297 [Test worker] DEBUG org.springframework.boot.test.context.SpringBootTestContextBootstrapper - @TestExecutionListeners is not present for class [com.example.SSM.SsmApplicationTests]: using defaults.
09:27:58.298 [Test worker] INFO org.springframework.boot.test.context.SpringBootTestContextBootstrapper - Loaded default TestExecutionListener class names from location [META-INF/spring.factories]: [org.springframework.security.test.context.support.WithSecurityContextTestExecutionListener, org.springframework.security.test.context.support.ReactorContextTestExecutionListener, org.springframework.boot.test.autoconfigure.restdocs.RestDocsTestExecutionListener, org.springframework.boot.test.autoconfigure.web.client.MockRestServiceServerResetTestExecutionListener, org.springframework.boot.test.autoconfigure.web.servlet.MockMvcPrintOnlyOnFailureTestExecutionListener, org.springframework.boot.test.autoconfigure.web.servlet.WebDriverTestExecutionListener, org.springframework.boot.test.autoconfigure.webservices.client.MockWebServiceServerTestExecutionListener, org.springframework.boot.test.mock.mockito.MockitoTestExecutionListener, org.springframework.boot.test.mock.mockito.ResetMocksTestExecutionListener, org.springframework.test.context.web.ServletTestExecutionListener, org.springframework.test.context.support.DirtiesContextBeforeModesTestExecutionListener, org.springframework.test.context.event.ApplicationEventsTestExecutionListener, org.springframework.test.context.support.DependencyInjectionTestExecutionListener, org.springframework.test.context.support.DirtiesContextTestExecutionListener, org.springframework.test.context.transaction.TransactionalTestExecutionListener, org.springframework.test.context.jdbc.SqlScriptsTestExecutionListener, org.springframework.test.context.event.EventPublishingTestExecutionListener]
09:27:58.345 [Test worker] INFO org.springframework.boot.test.context.SpringBootTestContextBootstrapper - Using TestExecutionListeners: [org.springframework.test.context.web.ServletTestExecutionListener@251f7d26, org.springframework.test.context.support.DirtiesContextBeforeModesTestExecutionListener@77b21474, org.springframework.test.context.event.ApplicationEventsTestExecutionListener@52d10fb8, org.springframework.boot.test.mock.mockito.MockitoTestExecutionListener@41c07648, org.springframework.boot.test.autoconfigure.SpringBootDependencyInjectionTestExecutionListener@1fe8d51b, org.springframework.test.context.support.DirtiesContextTestExecutionListener@781e7326, org.springframework.test.context.transaction.TransactionalTestExecutionListener@22680f52, org.springframework.test.context.jdbc.SqlScriptsTestExecutionListener@60d84f61, org.springframework.security.test.context.support.WithSecurityContextTestExecutionListener@39c11e6c, org.springframework.test.context.event.EventPublishingTestExecutionListener@324dcd31, org.springframework.security.test.context.support.ReactorContextTestExecutionListener@503d56b5, org.springframework.boot.test.autoconfigure.restdocs.RestDocsTestExecutionListener@72bca894, org.springframework.boot.test.autoconfigure.web.client.MockRestServiceServerResetTestExecutionListener@433ffad1, org.springframework.boot.test.autoconfigure.web.servlet.MockMvcPrintOnlyOnFailureTestExecutionListener@1fc793c2, org.springframework.boot.test.autoconfigure.web.servlet.WebDriverTestExecutionListener@2575f671, org.springframework.boot.test.autoconfigure.webservices.client.MockWebServiceServerTestExecutionListener@329a1243, org.springframework.boot.test.mock.mockito.ResetMocksTestExecutionListener@ecf9fb3]
09:27:58.352 [Test worker] DEBUG org.springframework.test.context.support.AbstractDirtiesContextTestExecutionListener - Before test class: context [DefaultTestContext@c8b96ec testClass = SsmApplicationTests, testInstance = [null], testMethod = [null], testException = [null], mergedContextConfiguration = [WebMergedContextConfiguration@4cc61eb1 testClass = SsmApplicationTests, locations = '{}', classes = '{class com.example.SSM.be.SsmApplication}', contextInitializerClasses = '[]', activeProfiles = '{}', propertySourceLocations = '{}', propertySourceProperties = '{org.springframework.boot.test.context.SpringBootTestContextBootstrapper=true}', contextCustomizers = set[org.springframework.boot.test.autoconfigure.actuate.metrics.MetricsExportContextCustomizerFactory$DisableMetricExportContextCustomizer@6d304f9d, org.springframework.boot.test.autoconfigure.properties.PropertyMappingContextCustomizer@0, org.springframework.boot.test.autoconfigure.web.servlet.WebDriverContextCustomizerFactory$Customizer@160ac7fb, org.springframework.boot.test.context.filter.ExcludeFilterContextCustomizer@3f053c80, org.springframework.boot.test.json.DuplicateJsonObjectContextCustomizerFactory$DuplicateJsonObjectContextCustomizer@1d8062d2, org.springframework.boot.test.mock.mockito.MockitoContextCustomizer@0, org.springframework.boot.test.web.client.TestRestTemplateContextCustomizer@654d8173, org.springframework.boot.test.context.SpringBootTestArgs@1, org.springframework.boot.test.context.SpringBootTestWebEnvironment@4a00d9cf], resourceBasePath = 'src/main/webapp', contextLoader = 'org.springframework.boot.test.context.SpringBootContextLoader', parent = [null]], attributes = map['org.springframework.test.context.web.ServletTestExecutionListener.activateListener' -> true]], class annotated with @DirtiesContext [false] with mode [null].

  .   ____          _            __ _ _
 /\\ / ___'_ __ _ _(_)_ __  __ _ \ \ \ \
( ( )\___ | '_ | '_| | '_ \/ _` | \ \ \ \
 \\/  ___)| |_)| | | | | || (_| |  ) ) ) )
  '  |____| .__|_| |_|_| |_\__, | / / / /
 =========|_|==============|___/=/_/_/_/
 :: Spring Boot ::               (v2.7.15)

2023-09-11 09:27:59.146  INFO 18336 --- [    Test worker] com.example.SSM.SsmApplicationTests      : Starting SsmApplicationTests using Java 11.0.18 on PC2019-0316 with PID 18336 (started by Owner in C:\Users\Owner\IdeaProjects\seb45_main_025)
2023-09-11 09:27:59.148  INFO 18336 --- [    Test worker] com.example.SSM.SsmApplicationTests      : No active profile set, falling back to 1 default profile: "default"
2023-09-11 09:28:00.963  INFO 18336 --- [    Test worker] .s.d.r.c.RepositoryConfigurationDelegate : Bootstrapping Spring Data JPA repositories in DEFAULT mode.
2023-09-11 09:28:01.173  INFO 18336 --- [    Test worker] .s.d.r.c.RepositoryConfigurationDelegate : Finished Spring Data repository scanning in 200 ms. Found 9 JPA repository interfaces.
2023-09-11 09:28:02.587  INFO 18336 --- [    Test worker] o.hibernate.jpa.internal.util.LogHelper  : HHH000204: Processing PersistenceUnitInfo [name: default]
2023-09-11 09:28:02.677  INFO 18336 --- [    Test worker] org.hibernate.Version                    : HHH000412: Hibernate ORM core version 5.6.15.Final
2023-09-11 09:28:02.934  INFO 18336 --- [    Test worker] o.hibernate.annotations.common.Version   : HCANN000001: Hibernate Commons Annotations {5.1.2.Final}
2023-09-11 09:28:03.094  INFO 18336 --- [    Test worker] com.zaxxer.hikari.HikariDataSource       : HikariPool-1 - Starting...
2023-09-11 09:28:03.470  INFO 18336 --- [    Test worker] com.zaxxer.hikari.HikariDataSource       : HikariPool-1 - Start completed.
2023-09-11 09:28:03.497  INFO 18336 --- [    Test worker] org.hibernate.dialect.Dialect            : HHH000400: Using dialect: org.hibernate.dialect.H2Dialect
2023-09-11 09:28:04.770  INFO 18336 --- [    Test worker] o.h.e.t.j.p.i.JtaPlatformInitiator       : HHH000490: Using JtaPlatform implementation: [org.hibernate.engine.transaction.jta.platform.internal.NoJtaPlatform]
2023-09-11 09:28:04.787  INFO 18336 --- [    Test worker] j.LocalContainerEntityManagerFactoryBean : Initialized JPA EntityManagerFactory for persistence unit 'default'
2023-09-11 09:28:06.450  INFO 18336 --- [    Test worker] o.s.s.web.DefaultSecurityFilterChain     : Will secure any request with [org.springframework.security.web.session.DisableEncodeUrlFilter@5b9ca528, org.springframework.security.web.context.request.async.WebAsyncManagerIntegrationFilter@66011fbc, org.springframework.security.web.context.SecurityContextPersistenceFilter@1a000fff, org.springframework.security.web.header.HeaderWriterFilter@4924ad09, org.springframework.web.filter.CorsFilter@77afdbc5, org.springframework.security.web.authentication.logout.LogoutFilter@6c2d124e, org.springframework.security.oauth2.client.web.OAuth2AuthorizationRequestRedirectFilter@1a13b5c1, org.springframework.security.oauth2.client.web.OAuth2LoginAuthenticationFilter@41623694, com.example.SSM.be.domain.security.auth.filter.JwtVerificationFilter@757ad227, com.example.SSM.be.domain.security.auth.filter.JwtAuthenticationFilter@4b718c45, org.springframework.security.web.savedrequest.RequestCacheAwareFilter@5352bc0e, org.springframework.security.web.servletapi.SecurityContextHolderAwareRequestFilter@a1c4f69, org.springframework.security.web.authentication.AnonymousAuthenticationFilter@25639668, org.springframework.security.web.session.SessionManagementFilter@6aff157e, org.springframework.security.web.access.ExceptionTranslationFilter@321302bc, org.springframework.security.web.access.intercept.AuthorizationFilter@3420547]
2023-09-11 09:28:07.370  INFO 18336 --- [    Test worker] o.s.b.a.h2.H2ConsoleAutoConfiguration    : H2 console available at '/h2-console'. Database available at 'jdbc:h2:file:~/seb025db'
2023-09-11 09:28:07.394  INFO 18336 --- [    Test worker] o.s.b.a.w.s.WelcomePageHandlerMapping    : Adding welcome page template: index
2023-09-11 09:28:09.516  INFO 18336 --- [    Test worker] com.example.SSM.SsmApplicationTests      : Started SsmApplicationTests in 11.105 seconds (JVM running for 13.942)
]]></system-out>
  <system-err><![CDATA[]]></system-err>
</testsuite>
