<?xml version="1.0" encoding="UTF-8"?>
<testsuite name="com.example.SSM.SsmApplicationTests" tests="1" skipped="0" failures="0" errors="0" timestamp="2023-09-07T08:48:39" hostname="PC2019-0316" time="0.266">
  <properties/>
  <testcase name="contextLoads()" classname="com.example.SSM.SsmApplicationTests" time="0.266"/>
  <system-out><![CDATA[17:48:22.263 [Test worker] DEBUG org.springframework.test.context.BootstrapUtils - Instantiating CacheAwareContextLoaderDelegate from class [org.springframework.test.context.cache.DefaultCacheAwareContextLoaderDelegate]
17:48:22.284 [Test worker] DEBUG org.springframework.test.context.BootstrapUtils - Instantiating BootstrapContext using constructor [public org.springframework.test.context.support.DefaultBootstrapContext(java.lang.Class,org.springframework.test.context.CacheAwareContextLoaderDelegate)]
17:48:22.346 [Test worker] DEBUG org.springframework.test.context.BootstrapUtils - Instantiating TestContextBootstrapper for test class [com.example.SSM.SsmApplicationTests] from class [org.springframework.boot.test.context.SpringBootTestContextBootstrapper]
17:48:22.372 [Test worker] INFO org.springframework.boot.test.context.SpringBootTestContextBootstrapper - Neither @ContextConfiguration nor @ContextHierarchy found for test class [com.example.SSM.SsmApplicationTests], using SpringBootContextLoader
17:48:22.378 [Test worker] DEBUG org.springframework.test.context.support.AbstractContextLoader - Did not detect default resource location for test class [com.example.SSM.SsmApplicationTests]: class path resource [com/example/SSM/SsmApplicationTests-context.xml] does not exist
17:48:22.379 [Test worker] DEBUG org.springframework.test.context.support.AbstractContextLoader - Did not detect default resource location for test class [com.example.SSM.SsmApplicationTests]: class path resource [com/example/SSM/SsmApplicationTestsContext.groovy] does not exist
17:48:22.379 [Test worker] INFO org.springframework.test.context.support.AbstractContextLoader - Could not detect default resource locations for test class [com.example.SSM.SsmApplicationTests]: no resource found for suffixes {-context.xml, Context.groovy}.
17:48:22.453 [Test worker] DEBUG org.springframework.test.context.support.ActiveProfilesUtils - Could not find an 'annotation declaring class' for annotation type [org.springframework.test.context.ActiveProfiles] and class [com.example.SSM.SsmApplicationTests]
17:48:22.715 [Test worker] DEBUG org.springframework.boot.test.context.SpringBootTestContextBootstrapper - @TestExecutionListeners is not present for class [com.example.SSM.SsmApplicationTests]: using defaults.
17:48:22.716 [Test worker] INFO org.springframework.boot.test.context.SpringBootTestContextBootstrapper - Loaded default TestExecutionListener class names from location [META-INF/spring.factories]: [org.springframework.security.test.context.support.WithSecurityContextTestExecutionListener, org.springframework.security.test.context.support.ReactorContextTestExecutionListener, org.springframework.boot.test.autoconfigure.restdocs.RestDocsTestExecutionListener, org.springframework.boot.test.autoconfigure.web.client.MockRestServiceServerResetTestExecutionListener, org.springframework.boot.test.autoconfigure.web.servlet.MockMvcPrintOnlyOnFailureTestExecutionListener, org.springframework.boot.test.autoconfigure.web.servlet.WebDriverTestExecutionListener, org.springframework.boot.test.autoconfigure.webservices.client.MockWebServiceServerTestExecutionListener, org.springframework.boot.test.mock.mockito.MockitoTestExecutionListener, org.springframework.boot.test.mock.mockito.ResetMocksTestExecutionListener, org.springframework.test.context.web.ServletTestExecutionListener, org.springframework.test.context.support.DirtiesContextBeforeModesTestExecutionListener, org.springframework.test.context.event.ApplicationEventsTestExecutionListener, org.springframework.test.context.support.DependencyInjectionTestExecutionListener, org.springframework.test.context.support.DirtiesContextTestExecutionListener, org.springframework.test.context.transaction.TransactionalTestExecutionListener, org.springframework.test.context.jdbc.SqlScriptsTestExecutionListener, org.springframework.test.context.event.EventPublishingTestExecutionListener]
17:48:22.777 [Test worker] INFO org.springframework.boot.test.context.SpringBootTestContextBootstrapper - Using TestExecutionListeners: [org.springframework.test.context.web.ServletTestExecutionListener@251f7d26, org.springframework.test.context.support.DirtiesContextBeforeModesTestExecutionListener@77b21474, org.springframework.test.context.event.ApplicationEventsTestExecutionListener@52d10fb8, org.springframework.boot.test.mock.mockito.MockitoTestExecutionListener@41c07648, org.springframework.boot.test.autoconfigure.SpringBootDependencyInjectionTestExecutionListener@1fe8d51b, org.springframework.test.context.support.DirtiesContextTestExecutionListener@781e7326, org.springframework.test.context.transaction.TransactionalTestExecutionListener@22680f52, org.springframework.test.context.jdbc.SqlScriptsTestExecutionListener@60d84f61, org.springframework.security.test.context.support.WithSecurityContextTestExecutionListener@39c11e6c, org.springframework.test.context.event.EventPublishingTestExecutionListener@324dcd31, org.springframework.security.test.context.support.ReactorContextTestExecutionListener@503d56b5, org.springframework.boot.test.autoconfigure.restdocs.RestDocsTestExecutionListener@72bca894, org.springframework.boot.test.autoconfigure.web.client.MockRestServiceServerResetTestExecutionListener@433ffad1, org.springframework.boot.test.autoconfigure.web.servlet.MockMvcPrintOnlyOnFailureTestExecutionListener@1fc793c2, org.springframework.boot.test.autoconfigure.web.servlet.WebDriverTestExecutionListener@2575f671, org.springframework.boot.test.autoconfigure.webservices.client.MockWebServiceServerTestExecutionListener@329a1243, org.springframework.boot.test.mock.mockito.ResetMocksTestExecutionListener@ecf9fb3]
17:48:22.784 [Test worker] DEBUG org.springframework.test.context.support.AbstractDirtiesContextTestExecutionListener - Before test class: context [DefaultTestContext@c8b96ec testClass = SsmApplicationTests, testInstance = [null], testMethod = [null], testException = [null], mergedContextConfiguration = [WebMergedContextConfiguration@4cc61eb1 testClass = SsmApplicationTests, locations = '{}', classes = '{class com.example.SSM.be.SsmApplication}', contextInitializerClasses = '[]', activeProfiles = '{}', propertySourceLocations = '{}', propertySourceProperties = '{org.springframework.boot.test.context.SpringBootTestContextBootstrapper=true}', contextCustomizers = set[org.springframework.boot.test.autoconfigure.actuate.metrics.MetricsExportContextCustomizerFactory$DisableMetricExportContextCustomizer@6d304f9d, org.springframework.boot.test.autoconfigure.properties.PropertyMappingContextCustomizer@0, org.springframework.boot.test.autoconfigure.web.servlet.WebDriverContextCustomizerFactory$Customizer@160ac7fb, org.springframework.boot.test.context.filter.ExcludeFilterContextCustomizer@3f053c80, org.springframework.boot.test.json.DuplicateJsonObjectContextCustomizerFactory$DuplicateJsonObjectContextCustomizer@1d8062d2, org.springframework.boot.test.mock.mockito.MockitoContextCustomizer@0, org.springframework.boot.test.web.client.TestRestTemplateContextCustomizer@654d8173, org.springframework.boot.test.context.SpringBootTestArgs@1, org.springframework.boot.test.context.SpringBootTestWebEnvironment@4a00d9cf], resourceBasePath = 'src/main/webapp', contextLoader = 'org.springframework.boot.test.context.SpringBootContextLoader', parent = [null]], attributes = map['org.springframework.test.context.web.ServletTestExecutionListener.activateListener' -> true]], class annotated with @DirtiesContext [false] with mode [null].

  .   ____          _            __ _ _
 /\\ / ___'_ __ _ _(_)_ __  __ _ \ \ \ \
( ( )\___ | '_ | '_| | '_ \/ _` | \ \ \ \
 \\/  ___)| |_)| | | | | || (_| |  ) ) ) )
  '  |____| .__|_| |_|_| |_\__, | / / / /
 =========|_|==============|___/=/_/_/_/
 :: Spring Boot ::               (v2.7.15)

2023-09-07 17:48:23.553  INFO 28120 --- [    Test worker] com.example.SSM.SsmApplicationTests      : Starting SsmApplicationTests using Java 11.0.18 on PC2019-0316 with PID 28120 (started by Owner in C:\Users\Owner\IdeaProjects\seb45_main_025)
2023-09-07 17:48:23.555  INFO 28120 --- [    Test worker] com.example.SSM.SsmApplicationTests      : No active profile set, falling back to 1 default profile: "default"
2023-09-07 17:48:25.601  INFO 28120 --- [    Test worker] .s.d.r.c.RepositoryConfigurationDelegate : Bootstrapping Spring Data JPA repositories in DEFAULT mode.
2023-09-07 17:48:25.856  INFO 28120 --- [    Test worker] .s.d.r.c.RepositoryConfigurationDelegate : Finished Spring Data repository scanning in 241 ms. Found 9 JPA repository interfaces.
2023-09-07 17:48:27.406  INFO 28120 --- [    Test worker] o.hibernate.jpa.internal.util.LogHelper  : HHH000204: Processing PersistenceUnitInfo [name: default]
2023-09-07 17:48:27.617  INFO 28120 --- [    Test worker] org.hibernate.Version                    : HHH000412: Hibernate ORM core version 5.6.15.Final
2023-09-07 17:48:28.399  INFO 28120 --- [    Test worker] o.hibernate.annotations.common.Version   : HCANN000001: Hibernate Commons Annotations {5.1.2.Final}
2023-09-07 17:48:28.954  INFO 28120 --- [    Test worker] com.zaxxer.hikari.HikariDataSource       : HikariPool-1 - Starting...
2023-09-07 17:48:29.682  INFO 28120 --- [    Test worker] com.zaxxer.hikari.HikariDataSource       : HikariPool-1 - Start completed.
2023-09-07 17:48:29.763  INFO 28120 --- [    Test worker] org.hibernate.dialect.Dialect            : HHH000400: Using dialect: org.hibernate.dialect.H2Dialect
2023-09-07 17:48:31.958  INFO 28120 --- [    Test worker] o.h.e.t.j.p.i.JtaPlatformInitiator       : HHH000490: Using JtaPlatform implementation: [org.hibernate.engine.transaction.jta.platform.internal.NoJtaPlatform]
2023-09-07 17:48:31.981  INFO 28120 --- [    Test worker] j.LocalContainerEntityManagerFactoryBean : Initialized JPA EntityManagerFactory for persistence unit 'default'
2023-09-07 17:48:35.279  INFO 28120 --- [    Test worker] o.s.s.web.DefaultSecurityFilterChain     : Will secure any request with [org.springframework.security.web.session.DisableEncodeUrlFilter@2086f336, org.springframework.security.web.context.request.async.WebAsyncManagerIntegrationFilter@19a799cb, org.springframework.security.web.context.SecurityContextPersistenceFilter@2981064d, org.springframework.security.web.header.HeaderWriterFilter@531bfe4b, org.springframework.web.filter.CorsFilter@4d50f682, org.springframework.security.web.authentication.logout.LogoutFilter@7c855ef0, org.springframework.security.oauth2.client.web.OAuth2AuthorizationRequestRedirectFilter@186537ac, org.springframework.security.oauth2.client.web.OAuth2LoginAuthenticationFilter@5dabe7c8, com.example.SSM.be.domain.security.auth.filter.JwtVerificationFilter@3445341, com.example.SSM.be.domain.security.auth.filter.JwtAuthenticationFilter@14cc1f5c, org.springframework.security.web.savedrequest.RequestCacheAwareFilter@41bc501b, org.springframework.security.web.servletapi.SecurityContextHolderAwareRequestFilter@2b826482, org.springframework.security.web.authentication.AnonymousAuthenticationFilter@3100b5cf, org.springframework.security.web.session.SessionManagementFilter@98a0842, org.springframework.security.web.access.ExceptionTranslationFilter@3b44ed3c, org.springframework.security.web.access.intercept.AuthorizationFilter@602e7a9e]
2023-09-07 17:48:36.612  INFO 28120 --- [    Test worker] o.s.b.a.h2.H2ConsoleAutoConfiguration    : H2 console available at '/h2-console'. Database available at 'jdbc:h2:file:~/seb025db'
2023-09-07 17:48:36.646  INFO 28120 --- [    Test worker] o.s.b.a.w.s.WelcomePageHandlerMapping    : Adding welcome page template: index
2023-09-07 17:48:39.423  INFO 28120 --- [    Test worker] com.example.SSM.SsmApplicationTests      : Started SsmApplicationTests in 16.557 seconds (JVM running for 19.935)
]]></system-out>
  <system-err><![CDATA[]]></system-err>
</testsuite>
